2017/05/26 14:45:30 [error] [system.db.CDbCommand] Error in preparing SQL: DELETE FROM YiiCache WHERE expire>0 AND expire<1495827930
in C:\xampp\htdocs\wwwComiteAdmin2017\index.php (14)
2017/05/26 14:45:31 [error] [system.db.CDbCommand] CDbCommand::execute() fall贸: CDbCommand fall贸 al preparar la sentencia SQL: SQLSTATE[HY000]: General error: 1 no such table: YiiCache. La sentencia SQL ejecutada fue: DELETE FROM YiiCache WHERE expire>0 AND expire<1495827930.
in C:\xampp\htdocs\wwwComiteAdmin2017\index.php (14)
2017/06/06 06:53:26 [error] [system.db.CDbCommand] CDbCommand::fetchAll() fall贸: SQLSTATE[42S22]: Column not found: 1054 Unknown column '_status' in 'where clause'. La sentencia SQL ejecutada fue: SELECT * FROM `2gom_view_calificacion_final` `t` WHERE _status=2 AND b_calificada = 1 AND id_category=:idCategoria ORDER BY num_calificacion_nueva DESC, num_calificacion_desempate DESC.
in C:\xampp\htdocs\wwwComiteAdmin2017\protected\views\juecesAdmin\finalists.php (43)
in C:\xampp\htdocs\wwwComiteAdmin2017\protected\controllers\JuecesAdminController.php (707)
in C:\xampp\htdocs\wwwComiteAdmin2017\index.php (14)
2017/06/06 06:53:26 [error] [exception.CDbException] exception 'CDbException' with message 'CDbCommand fall贸 al ejecutar la sentencia SQL: SQLSTATE[42S22]: Column not found: 1054 Unknown column '_status' in 'where clause'. The SQL statement executed was: SELECT * FROM `2gom_view_calificacion_final` `t` WHERE _status=2 AND b_calificada = 1 AND id_category=:idCategoria ORDER BY num_calificacion_nueva DESC, num_calificacion_desempate DESC' in C:\xampp\htdocs\yii\framework\db\CDbCommand.php:543
Stack trace:
#0 C:\xampp\htdocs\yii\framework\db\CDbCommand.php(396): CDbCommand->queryInternal('fetchAll', Array, Array)
#1 C:\xampp\htdocs\yii\framework\db\ar\CActiveRecord.php(1356): CDbCommand->queryAll()
#2 C:\xampp\htdocs\yii\framework\db\ar\CActiveRecord.php(1475): CActiveRecord->query(Object(CDbCriteria), true)
#3 C:\xampp\htdocs\wwwComiteAdmin2017\protected\views\juecesAdmin\finalists.php(43): CActiveRecord->findAll(Array)
#4 C:\xampp\htdocs\yii\framework\web\CBaseController.php(126): require('C:\\xampp\\htdocs...')
#5 C:\xampp\htdocs\yii\framework\web\CBaseController.php(95): CBaseController->renderInternal('C:\\xampp\\htdocs...', Array, true)
#6 C:\xampp\htdocs\yii\framework\web\CController.php(869): CBaseController->renderFile('C:\\xampp\\htdocs...', Array, true)
#7 C:\xampp\htdocs\yii\framework\web\CController.php(782): CController->renderPartial('finalists', Array, true)
#8 C:\xampp\htdocs\wwwComiteAdmin2017\protected\controllers\JuecesAdminController.php(707): CController->render('finalists', Array)
#9 [internal function]: JuecesAdminController->actionFinalists('con_864f324cd5e...', 3)
#10 C:\xampp\htdocs\yii\framework\web\actions\CAction.php(109): ReflectionMethod->invokeArgs(Object(JuecesAdminController), Array)
#11 C:\xampp\htdocs\yii\framework\web\actions\CInlineAction.php(47): CAction->runWithParamsInternal(Object(JuecesAdminController), Object(ReflectionMethod), Array)
#12 C:\xampp\htdocs\yii\framework\web\CController.php(308): CInlineAction->runWithParams(Array)
#13 C:\xampp\htdocs\yii\framework\web\filters\CFilterChain.php(133): CController->runAction(Object(CInlineAction))
#14 C:\xampp\htdocs\yii\framework\web\filters\CFilter.php(40): CFilterChain->run()
#15 C:\xampp\htdocs\yii\framework\web\CController.php(1145): CFilter->filter(Object(CFilterChain))
#16 C:\xampp\htdocs\yii\framework\web\filters\CInlineFilter.php(58): CController->filterAccessControl(Object(CFilterChain))
#17 C:\xampp\htdocs\yii\framework\web\filters\CFilterChain.php(130): CInlineFilter->filter(Object(CFilterChain))
#18 C:\xampp\htdocs\yii\framework\web\CController.php(291): CFilterChain->run()
#19 C:\xampp\htdocs\yii\framework\web\CController.php(265): CController->runActionWithFilters(Object(CInlineAction), Array)
#20 C:\xampp\htdocs\yii\framework\web\CWebApplication.php(282): CController->run('finalists')
#21 C:\xampp\htdocs\yii\framework\web\CWebApplication.php(141): CWebApplication->runController('juecesAdmin/fin...')
#22 C:\xampp\htdocs\yii\framework\base\CApplication.php(184): CWebApplication->processRequest()
#23 C:\xampp\htdocs\wwwComiteAdmin2017\index.php(14): CApplication->run()
#24 {main}
REQUEST_URI=/wwwComiteAdmin2017/adminPanel/finalists/con_864f324cd5e379b8dc99dd11567c186e5772ed5c80c6b
HTTP_REFERER=http://localhost/wwwComiteAdmin2017/adminPanel/dashboard/con_864f324cd5e379b8dc99dd11567c186e5772ed5c80c6b
---
